{"meta": {"format": 3, "version": "7.13.5", "timestamp": "2026-03-24T22:14:05.816020", "branch_coverage": true, "show_contexts": false}, "files": {"poly_llm\\to_test\\separate_paren_groups.py": {"executed_lines": [11, 12, 13, 15, 16, 17, 18, 19, 20, 21, 23, 24, 25, 27], "summary": {"covered_lines": 14, "num_statements": 16, "percent_covered": 91.66666666666667, "percent_covered_display": "92", "missing_lines": 2, "excluded_lines": 7, "percent_statements_covered": 87.5, "percent_statements_covered_display": "88", "num_branches": 8, "num_partial_branches": 0, "covered_branches": 8, "missing_branches": 0, "percent_branches_covered": 100.0, "percent_branches_covered_display": "100"}, "missing_lines": [1, 3], "excluded_lines": [29, 30, 31, 32, 33, 34, 35], "executed_branches": [[15, 16], [15, 27], [16, 17], [16, 19], [19, 15], [19, 20], [23, 15], [23, 24]], "missing_branches": [], "functions": {"separate_paren_groups": {"executed_lines": [11, 12, 13, 15, 16, 17, 18, 19, 20, 21, 23, 24, 25, 27], "summary": {"covered_lines": 14, "num_statements": 14, "percent_covered": 100.0, "percent_covered_display": "100", "missing_lines": 0, "excluded_lines": 0, "percent_statements_covered": 100.0, "percent_statements_covered_display": "100", "num_branches": 8, "num_partial_branches": 0, "covered_branches": 8, "missing_branches": 0, "percent_branches_covered": 100.0, "percent_branches_covered_display": "100"}, "missing_lines": [], "excluded_lines": [], "start_line": 3, "executed_branches": [[15, 16], [15, 27], [16, 17], [16, 19], [19, 15], [19, 20], [23, 15], [23, 24]], "missing_branches": []}, "test_separate_paren_groups": {"executed_lines": [], "summary": {"covered_lines": 0, "num_statements": 0, "percent_covered": 100.0, "percent_covered_display": "100", "missing_lines": 0, "excluded_lines": 6, "percent_statements_covered": 100.0, "percent_statements_covered_display": "100", "num_branches": 0, "num_partial_branches": 0, "covered_branches": 0, "missing_branches": 0, "percent_branches_covered": 100.0, "percent_branches_covered_display": "100"}, "missing_lines": [], "excluded_lines": [30, 31, 32, 33, 34, 35], "start_line": 29, "executed_branches": [], "missing_branches": []}, "": {"executed_lines": [], "summary": {"covered_lines": 0, "num_statements": 2, "percent_covered": 0.0, "percent_covered_display": "0", "missing_lines": 2, "excluded_lines": 1, "percent_statements_covered": 0.0, "percent_statements_covered_display": "0", "num_branches": 0, "num_partial_branches": 0, "covered_branches": 0, "missing_branches": 0, "percent_branches_covered": 100.0, "percent_branches_covered_display": "100"}, "missing_lines": [1, 3], "excluded_lines": [29], "start_line": 1, "executed_branches": [], "missing_branches": []}}, "classes": {"": {"executed_lines": [11, 12, 13, 15, 16, 17, 18, 19, 20, 21, 23, 24, 25, 27], "summary": {"covered_lines": 14, "num_statements": 16, "percent_covered": 91.66666666666667, "percent_covered_display": "92", "missing_lines": 2, "excluded_lines": 7, "percent_statements_covered": 87.5, "percent_statements_covered_display": "88", "num_branches": 8, "num_partial_branches": 0, "covered_branches": 8, "missing_branches": 0, "percent_branches_covered": 100.0, "percent_branches_covered_display": "100"}, "missing_lines": [1, 3], "excluded_lines": [29, 30, 31, 32, 33, 34, 35], "start_line": 1, "executed_branches": [[15, 16], [15, 27], [16, 17], [16, 19], [19, 15], [19, 20], [23, 15], [23, 24]], "missing_branches": []}}}}, "totals": {"covered_lines": 14, "num_statements": 16, "percent_covered": 91.66666666666667, "percent_covered_display": "92", "missing_lines": 2, "excluded_lines": 7, "percent_statements_covered": 87.5, "percent_statements_covered_display": "88", "num_branches": 8, "num_partial_branches": 0, "covered_branches": 8, "missing_branches": 0, "percent_branches_covered": 100.0, "percent_branches_covered_display": "100"}}